2025-07-13T18:13:45.262Z [ERROR]: Error disconnecting from the database: Error: Dialect needs to be explicitly supplied as of v4.0.0 
2025-07-13T18:57:03.657Z [ERROR]: Error disconnecting from the database: Error: Dialect needs to be explicitly supplied as of v4.0.0 
2025-07-13T19:11:06.446Z [ERROR]: Error disconnecting from the database: Error: Dialect needs to be explicitly supplied as of v4.0.0 
2025-07-15T16:41:46.605Z [ERROR]: [Connection] ERROR: Response Metadata(key: 3, version: 6) Response Metadata(key: 3, version: 6) {"logger":"kafkajs","broker":"localhost:9092","clientId":"my-app","error":"This server does not host this topic-partition","correlationId":1,"size":88}
2025-07-15T16:42:28.324Z [ERROR]: [Connection] ERROR: Response GroupCoordinator(key: 10, version: 2) Response GroupCoordinator(key: 10, version: 2) {"logger":"kafkajs","broker":"172.26.161.183:9092","clientId":"my-app","error":"The group coordinator is not available","correlationId":0,"size":55}
2025-07-15T16:50:00.233Z [ERROR]: [Connection] ERROR: Response GroupCoordinator(key: 10, version: 2) Response GroupCoordinator(key: 10, version: 2) {"logger":"kafkajs","broker":"172.26.161.183:9092","clientId":"my-app","error":"The group coordinator is not available","correlationId":1,"size":55}
2025-07-15T16:50:00.597Z [ERROR]: [Connection] ERROR: Response InitProducerId(key: 22, version: 1) Response InitProducerId(key: 22, version: 1) {"logger":"kafkajs","broker":"172.26.161.183:9092","clientId":"my-app","error":"This is not the correct coordinator for this group","correlationId":3,"size":20}
2025-07-15T16:50:00.927Z [ERROR]: [Connection] ERROR: Response InitProducerId(key: 22, version: 1) Response InitProducerId(key: 22, version: 1) {"logger":"kafkajs","broker":"172.26.161.183:9092","clientId":"my-app","error":"This is not the correct coordinator for this group","correlationId":5,"size":20}
2025-07-15T16:56:26.686Z [ERROR]: >>>>> [Producer] WARN: Limiting retries for the idempotent producer may invalidate EoS guarantees Limiting retries for the idempotent producer may invalidate EoS guarantees {"logger":"kafkajs"}
2025-07-15T16:56:36.364Z [ERROR]: >>>>> [Producer] WARN: Limiting retries for the idempotent producer may invalidate EoS guarantees Limiting retries for the idempotent producer may invalidate EoS guarantees {"logger":"kafkajs"}
2025-07-15T16:56:36.421Z [ERROR]: >>>>> [Producer] DEBUG: Transaction state transition UNINITIALIZED --> READY Transaction state transition UNINITIALIZED --> READY {"logger":"kafkajs"}
2025-07-15T16:56:36.422Z [ERROR]: >>>>> [Producer] DEBUG: Initialized producer id & epoch Initialized producer id & epoch {"logger":"kafkajs","producerId":"8","producerEpoch":0}
2025-07-15T16:56:46.914Z [ERROR]: >>>>> [Producer] DEBUG: Transaction state transition UNINITIALIZED --> READY Transaction state transition UNINITIALIZED --> READY {"logger":"kafkajs"}
2025-07-15T16:56:46.914Z [ERROR]: >>>>> [Producer] DEBUG: Initialized producer id & epoch Initialized producer id & epoch {"logger":"kafkajs","producerId":"2","producerEpoch":3}
2025-07-15T16:56:46.915Z [ERROR]: >>>>> [Producer] DEBUG: Transaction state transition READY --> TRANSACTING Transaction state transition READY --> TRANSACTING {"logger":"kafkajs"}
2025-07-15T16:56:46.940Z [ERROR]: >>>>> [Producer] DEBUG: Transaction state transition TRANSACTING --> COMMITTING Transaction state transition TRANSACTING --> COMMITTING {"logger":"kafkajs"}
2025-07-15T16:56:46.945Z [ERROR]: >>>>> [Producer] DEBUG: Transaction state transition COMMITTING --> READY Transaction state transition COMMITTING --> READY {"logger":"kafkajs"}
2025-07-15T16:57:12.691Z [ERROR]: >>>>> [Producer] DEBUG: Transaction state transition READY --> TRANSACTING Transaction state transition READY --> TRANSACTING {"logger":"kafkajs"}
2025-07-15T16:57:12.700Z [ERROR]: >>>>> [Producer] DEBUG: Transaction state transition TRANSACTING --> COMMITTING Transaction state transition TRANSACTING --> COMMITTING {"logger":"kafkajs"}
2025-07-15T16:57:12.703Z [ERROR]: >>>>> [Producer] DEBUG: Transaction state transition COMMITTING --> READY Transaction state transition COMMITTING --> READY {"logger":"kafkajs"}
2025-07-15T16:57:23.692Z [ERROR]: >>>>> [Producer] WARN: Limiting retries for the idempotent producer may invalidate EoS guarantees Limiting retries for the idempotent producer may invalidate EoS guarantees {"logger":"kafkajs"}
2025-07-15T16:57:37.952Z [ERROR]: Error connecting Kafka Consumer: Connection timeout {"name":"KafkaJSNumberOfRetriesExceeded","retriable":false,"retryCount":5,"retryTime":9572,"stack":"KafkaJSNonRetriableError\n  Caused by: KafkaJSConnectionError: Connection timeout\n    at Timeout.onTimeout [as _onTimeout] (C:\\Users\\Yoanes\\Documents\\NodeJS\\node-kafka-messaging-demo\\node_modules\\kafkajs\\src\\network\\connection.js:223:23)\n    at listOnTimeout (node:internal/timers:608:17)\n    at processTimers (node:internal/timers:543:7)","cause":{"name":"KafkaJSConnectionError","retriable":true,"broker":"localhosta:9092"}}
2025-07-15T16:59:17.676Z [ERROR]: >>>>> [Producer] WARN: Limiting retries for the idempotent producer may invalidate EoS guarantees Limiting retries for the idempotent producer may invalidate EoS guarantees {"logger":"kafkajs"}
2025-07-15T16:59:17.749Z [ERROR]: >>>>> [Producer] DEBUG: Transaction state transition UNINITIALIZED --> READY Transaction state transition UNINITIALIZED --> READY {"logger":"kafkajs"}
2025-07-15T16:59:17.749Z [ERROR]: >>>>> [Producer] DEBUG: Initialized producer id & epoch Initialized producer id & epoch {"logger":"kafkajs","producerId":"9","producerEpoch":0}
2025-07-15T17:00:01.882Z [ERROR]: >>>>> [Producer] WARN: Limiting retries for the idempotent producer may invalidate EoS guarantees Limiting retries for the idempotent producer may invalidate EoS guarantees {"logger":"kafkajs"}
2025-07-15T17:00:01.938Z [ERROR]: >>>>> [Producer] DEBUG: Transaction state transition UNINITIALIZED --> READY Transaction state transition UNINITIALIZED --> READY {"logger":"kafkajs"}
2025-07-15T17:00:01.938Z [ERROR]: >>>>> [Producer] DEBUG: Initialized producer id & epoch Initialized producer id & epoch {"logger":"kafkajs","producerId":"10","producerEpoch":0}
2025-07-15T17:00:09.037Z [ERROR]: >>>>> [Producer] DEBUG: Transaction state transition UNINITIALIZED --> READY Transaction state transition UNINITIALIZED --> READY {"logger":"kafkajs"}
2025-07-15T17:00:09.037Z [ERROR]: >>>>> [Producer] DEBUG: Initialized producer id & epoch Initialized producer id & epoch {"logger":"kafkajs","producerId":"2","producerEpoch":4}
2025-07-15T17:00:09.037Z [ERROR]: >>>>> [Producer] DEBUG: Transaction state transition READY --> TRANSACTING Transaction state transition READY --> TRANSACTING {"logger":"kafkajs"}
2025-07-15T17:00:09.664Z [ERROR]: >>>>> [Producer] DEBUG: Transaction state transition TRANSACTING --> ABORTING Transaction state transition TRANSACTING --> ABORTING {"logger":"kafkajs"}
2025-07-15T17:00:09.665Z [ERROR]: >>>>> [Producer] DEBUG: No partitions or offsets registered, not sending EndTxn No partitions or offsets registered, not sending EndTxn {"logger":"kafkajs"}
2025-07-15T17:00:09.665Z [ERROR]: >>>>> [Producer] DEBUG: Transaction state transition ABORTING --> READY Transaction state transition ABORTING --> READY {"logger":"kafkajs"}
2025-07-15T17:01:27.723Z [ERROR]: >>>>> [Producer] DEBUG: Transaction state transition READY --> TRANSACTING Transaction state transition READY --> TRANSACTING {"logger":"kafkajs"}
2025-07-15T17:01:28.468Z [ERROR]: >>>>> [Producer] DEBUG: Transaction state transition TRANSACTING --> ABORTING Transaction state transition TRANSACTING --> ABORTING {"logger":"kafkajs"}
2025-07-15T17:01:28.468Z [ERROR]: >>>>> [Producer] DEBUG: No partitions or offsets registered, not sending EndTxn No partitions or offsets registered, not sending EndTxn {"logger":"kafkajs"}
2025-07-15T17:01:28.468Z [ERROR]: >>>>> [Producer] DEBUG: Transaction state transition ABORTING --> READY Transaction state transition ABORTING --> READY {"logger":"kafkajs"}
2025-07-15T17:01:42.464Z [ERROR]: >>>>> [Producer] WARN: Limiting retries for the idempotent producer may invalidate EoS guarantees Limiting retries for the idempotent producer may invalidate EoS guarantees {"logger":"kafkajs"}
2025-07-15T17:01:42.522Z [ERROR]: >>>>> [Producer] DEBUG: Transaction state transition UNINITIALIZED --> READY Transaction state transition UNINITIALIZED --> READY {"logger":"kafkajs"}
2025-07-15T17:01:42.523Z [ERROR]: >>>>> [Producer] DEBUG: Initialized producer id & epoch Initialized producer id & epoch {"logger":"kafkajs","producerId":"11","producerEpoch":0}
2025-07-15T17:02:56.921Z [ERROR]: >>>>> [Producer] WARN: Limiting retries for the idempotent producer may invalidate EoS guarantees Limiting retries for the idempotent producer may invalidate EoS guarantees {"logger":"kafkajs"}
2025-07-15T17:02:56.979Z [ERROR]: >>>>> [Producer] DEBUG: Transaction state transition UNINITIALIZED --> READY Transaction state transition UNINITIALIZED --> READY {"logger":"kafkajs"}
2025-07-15T17:02:56.979Z [ERROR]: >>>>> [Producer] DEBUG: Initialized producer id & epoch Initialized producer id & epoch {"logger":"kafkajs","producerId":"12","producerEpoch":0}
2025-07-15T17:03:01.863Z [ERROR]: >>>>> [Producer] DEBUG: Transaction state transition UNINITIALIZED --> READY Transaction state transition UNINITIALIZED --> READY {"logger":"kafkajs"}
2025-07-15T17:03:01.863Z [ERROR]: >>>>> [Producer] DEBUG: Initialized producer id & epoch Initialized producer id & epoch {"logger":"kafkajs","producerId":"2","producerEpoch":5}
2025-07-15T17:03:01.863Z [ERROR]: >>>>> [Producer] DEBUG: Transaction state transition READY --> TRANSACTING Transaction state transition READY --> TRANSACTING {"logger":"kafkajs"}
2025-07-15T17:03:01.888Z [ERROR]: >>>>> [Producer] DEBUG: Transaction state transition TRANSACTING --> COMMITTING Transaction state transition TRANSACTING --> COMMITTING {"logger":"kafkajs"}
2025-07-15T17:03:01.894Z [ERROR]: >>>>> [Producer] DEBUG: Transaction state transition COMMITTING --> READY Transaction state transition COMMITTING --> READY {"logger":"kafkajs"}
2025-07-15T17:03:10.865Z [ERROR]: >>>>> [Producer] DEBUG: Transaction state transition READY --> TRANSACTING Transaction state transition READY --> TRANSACTING {"logger":"kafkajs"}
2025-07-15T17:03:10.874Z [ERROR]: >>>>> [Producer] DEBUG: Transaction state transition TRANSACTING --> COMMITTING Transaction state transition TRANSACTING --> COMMITTING {"logger":"kafkajs"}
2025-07-15T17:03:10.875Z [ERROR]: >>>>> [Producer] DEBUG: Transaction state transition COMMITTING --> READY Transaction state transition COMMITTING --> READY {"logger":"kafkajs"}
2025-07-15T17:03:24.610Z [ERROR]: >>>>> [Producer] WARN: Limiting retries for the idempotent producer may invalidate EoS guarantees Limiting retries for the idempotent producer may invalidate EoS guarantees {"logger":"kafkajs"}
2025-07-15T17:03:24.667Z [ERROR]: >>>>> [Producer] DEBUG: Transaction state transition UNINITIALIZED --> READY Transaction state transition UNINITIALIZED --> READY {"logger":"kafkajs"}
2025-07-15T17:03:24.667Z [ERROR]: >>>>> [Producer] DEBUG: Initialized producer id & epoch Initialized producer id & epoch {"logger":"kafkajs","producerId":"13","producerEpoch":0}
2025-07-15T17:07:23.733Z [ERROR]: >>>>> [Producer] WARN: Limiting retries for the idempotent producer may invalidate EoS guarantees Limiting retries for the idempotent producer may invalidate EoS guarantees {"logger":"kafkajs"}
2025-07-15T17:07:23.786Z [ERROR]: >>>>> [Producer] DEBUG: Transaction state transition UNINITIALIZED --> READY Transaction state transition UNINITIALIZED --> READY {"logger":"kafkajs"}
2025-07-15T17:07:23.786Z [ERROR]: >>>>> [Producer] DEBUG: Initialized producer id & epoch Initialized producer id & epoch {"logger":"kafkajs","producerId":"14","producerEpoch":0}
2025-07-15T17:08:42.747Z [ERROR]: >>>>> [Producer] WARN: Limiting retries for the idempotent producer may invalidate EoS guarantees Limiting retries for the idempotent producer may invalidate EoS guarantees {"logger":"kafkajs"}
2025-07-15T17:08:42.801Z [ERROR]: >>>>> [Producer] DEBUG: Transaction state transition UNINITIALIZED --> READY Transaction state transition UNINITIALIZED --> READY {"logger":"kafkajs"}
2025-07-15T17:08:42.802Z [ERROR]: >>>>> [Producer] DEBUG: Initialized producer id & epoch Initialized producer id & epoch {"logger":"kafkajs","producerId":"15","producerEpoch":0}
2025-07-15T17:08:47.704Z [ERROR]: >>>>> [Producer] DEBUG: Transaction state transition UNINITIALIZED --> READY Transaction state transition UNINITIALIZED --> READY {"logger":"kafkajs"}
2025-07-15T17:08:47.705Z [ERROR]: >>>>> [Producer] DEBUG: Initialized producer id & epoch Initialized producer id & epoch {"logger":"kafkajs","producerId":"2","producerEpoch":6}
2025-07-15T17:08:47.705Z [ERROR]: >>>>> [Producer] DEBUG: Transaction state transition READY --> TRANSACTING Transaction state transition READY --> TRANSACTING {"logger":"kafkajs"}
2025-07-15T17:08:47.736Z [ERROR]: >>>>> [Producer] DEBUG: Transaction state transition TRANSACTING --> COMMITTING Transaction state transition TRANSACTING --> COMMITTING {"logger":"kafkajs"}
2025-07-15T17:08:47.742Z [ERROR]: >>>>> [Producer] DEBUG: Transaction state transition COMMITTING --> READY Transaction state transition COMMITTING --> READY {"logger":"kafkajs"}
2025-07-15T17:09:14.899Z [ERROR]: >>>>> [Producer] WARN: Limiting retries for the idempotent producer may invalidate EoS guarantees Limiting retries for the idempotent producer may invalidate EoS guarantees {"logger":"kafkajs"}
2025-07-15T17:09:14.952Z [ERROR]: >>>>> [Producer] DEBUG: Transaction state transition UNINITIALIZED --> READY Transaction state transition UNINITIALIZED --> READY {"logger":"kafkajs"}
2025-07-15T17:09:14.953Z [ERROR]: >>>>> [Producer] DEBUG: Initialized producer id & epoch Initialized producer id & epoch {"logger":"kafkajs","producerId":"16","producerEpoch":0}
2025-07-15T17:09:17.298Z [ERROR]: >>>>> [Producer] DEBUG: Transaction state transition UNINITIALIZED --> READY Transaction state transition UNINITIALIZED --> READY {"logger":"kafkajs"}
2025-07-15T17:09:17.298Z [ERROR]: >>>>> [Producer] DEBUG: Initialized producer id & epoch Initialized producer id & epoch {"logger":"kafkajs","producerId":"2","producerEpoch":7}
2025-07-15T17:09:17.299Z [ERROR]: >>>>> [Producer] DEBUG: Transaction state transition READY --> TRANSACTING Transaction state transition READY --> TRANSACTING {"logger":"kafkajs"}
2025-07-15T17:09:17.784Z [ERROR]: >>>>> [Producer] DEBUG: Transaction state transition TRANSACTING --> ABORTING Transaction state transition TRANSACTING --> ABORTING {"logger":"kafkajs"}
2025-07-15T17:09:17.785Z [ERROR]: >>>>> [Producer] DEBUG: No partitions or offsets registered, not sending EndTxn No partitions or offsets registered, not sending EndTxn {"logger":"kafkajs"}
2025-07-15T17:09:17.785Z [ERROR]: >>>>> [Producer] DEBUG: Transaction state transition ABORTING --> READY Transaction state transition ABORTING --> READY {"logger":"kafkajs"}
2025-07-15T17:10:40.807Z [ERROR]: >>>>> [Producer] WARN: Limiting retries for the idempotent producer may invalidate EoS guarantees Limiting retries for the idempotent producer may invalidate EoS guarantees {"logger":"kafkajs"}
2025-07-15T17:10:40.883Z [ERROR]: >>>>> [Producer] DEBUG: Transaction state transition UNINITIALIZED --> READY Transaction state transition UNINITIALIZED --> READY {"logger":"kafkajs"}
2025-07-15T17:10:40.884Z [ERROR]: >>>>> [Producer] DEBUG: Initialized producer id & epoch Initialized producer id & epoch {"logger":"kafkajs","producerId":"17","producerEpoch":0}
2025-07-15T17:11:18.209Z [ERROR]: >>>>> [Producer] WARN: Limiting retries for the idempotent producer may invalidate EoS guarantees Limiting retries for the idempotent producer may invalidate EoS guarantees {"logger":"kafkajs"}
2025-07-15T17:11:18.273Z [ERROR]: >>>>> [Producer] DEBUG: Transaction state transition UNINITIALIZED --> READY Transaction state transition UNINITIALIZED --> READY {"logger":"kafkajs"}
2025-07-15T17:11:18.273Z [ERROR]: >>>>> [Producer] DEBUG: Initialized producer id & epoch Initialized producer id & epoch {"logger":"kafkajs","producerId":"18","producerEpoch":0}
2025-07-15T17:12:13.376Z [ERROR]: >>>>> [Producer] WARN: Limiting retries for the idempotent producer may invalidate EoS guarantees Limiting retries for the idempotent producer may invalidate EoS guarantees {"logger":"kafkajs"}
2025-07-15T17:12:13.434Z [ERROR]: >>>>> [Producer] DEBUG: Transaction state transition UNINITIALIZED --> READY Transaction state transition UNINITIALIZED --> READY {"logger":"kafkajs"}
2025-07-15T17:12:13.434Z [ERROR]: >>>>> [Producer] DEBUG: Initialized producer id & epoch Initialized producer id & epoch {"logger":"kafkajs","producerId":"19","producerEpoch":0}
2025-07-15T17:12:22.151Z [ERROR]: >>>>> [Producer] DEBUG: Transaction state transition UNINITIALIZED --> READY Transaction state transition UNINITIALIZED --> READY {"logger":"kafkajs"}
2025-07-15T17:12:22.151Z [ERROR]: >>>>> [Producer] DEBUG: Initialized producer id & epoch Initialized producer id & epoch {"logger":"kafkajs","producerId":"2","producerEpoch":8}
2025-07-15T17:12:22.151Z [ERROR]: >>>>> [Producer] DEBUG: Transaction state transition READY --> TRANSACTING Transaction state transition READY --> TRANSACTING {"logger":"kafkajs"}
2025-07-15T17:12:40.393Z [ERROR]: >>>>> [Producer] DEBUG: Transaction state transition TRANSACTING --> ABORTING Transaction state transition TRANSACTING --> ABORTING {"logger":"kafkajs"}
2025-07-15T17:12:40.394Z [ERROR]: >>>>> [Producer] DEBUG: No partitions or offsets registered, not sending EndTxn No partitions or offsets registered, not sending EndTxn {"logger":"kafkajs"}
2025-07-15T17:12:40.395Z [ERROR]: >>>>> [Producer] DEBUG: Transaction state transition ABORTING --> READY Transaction state transition ABORTING --> READY {"logger":"kafkajs"}
2025-07-15T17:13:35.749Z [ERROR]: >>>>> [Producer] WARN: Limiting retries for the idempotent producer may invalidate EoS guarantees Limiting retries for the idempotent producer may invalidate EoS guarantees {"logger":"kafkajs"}
2025-07-15T17:13:36.144Z [ERROR]: >>>>> [Producer] DEBUG: Transaction state transition UNINITIALIZED --> READY Transaction state transition UNINITIALIZED --> READY {"logger":"kafkajs"}
2025-07-15T17:13:36.145Z [ERROR]: >>>>> [Producer] DEBUG: Initialized producer id & epoch Initialized producer id & epoch {"logger":"kafkajs","producerId":"1000","producerEpoch":0}
2025-07-15T17:14:01.669Z [ERROR]: >>>>> [Producer] WARN: Limiting retries for the idempotent producer may invalidate EoS guarantees Limiting retries for the idempotent producer may invalidate EoS guarantees {"logger":"kafkajs"}
2025-07-15T17:14:01.726Z [ERROR]: >>>>> [Producer] DEBUG: Transaction state transition UNINITIALIZED --> READY Transaction state transition UNINITIALIZED --> READY {"logger":"kafkajs"}
2025-07-15T17:14:01.727Z [ERROR]: >>>>> [Producer] DEBUG: Initialized producer id & epoch Initialized producer id & epoch {"logger":"kafkajs","producerId":"1001","producerEpoch":0}
2025-07-15T17:14:10.129Z [ERROR]: >>>>> [Producer] DEBUG: Transaction state transition UNINITIALIZED --> READY Transaction state transition UNINITIALIZED --> READY {"logger":"kafkajs"}
2025-07-15T17:14:10.129Z [ERROR]: >>>>> [Producer] DEBUG: Initialized producer id & epoch Initialized producer id & epoch {"logger":"kafkajs","producerId":"2","producerEpoch":9}
2025-07-15T17:14:10.130Z [ERROR]: >>>>> [Producer] DEBUG: Transaction state transition READY --> TRANSACTING Transaction state transition READY --> TRANSACTING {"logger":"kafkajs"}
2025-07-15T17:14:10.185Z [ERROR]: >>>>> [Producer] DEBUG: Transaction state transition TRANSACTING --> COMMITTING Transaction state transition TRANSACTING --> COMMITTING {"logger":"kafkajs"}
2025-07-15T17:14:10.193Z [ERROR]: >>>>> [Producer] DEBUG: Transaction state transition COMMITTING --> READY Transaction state transition COMMITTING --> READY {"logger":"kafkajs"}
2025-07-15T17:14:17.098Z [ERROR]: >>>>> [Producer] WARN: Limiting retries for the idempotent producer may invalidate EoS guarantees Limiting retries for the idempotent producer may invalidate EoS guarantees {"logger":"kafkajs"}
2025-07-15T17:14:27.275Z [ERROR]: Error connecting Kafka Producer: Connection error:  {"name":"KafkaJSNumberOfRetriesExceeded","retriable":false,"retryCount":5,"retryTime":12256,"stack":"KafkaJSNonRetriableError\n  Caused by: KafkaJSConnectionError: Connection error: \n    at Socket.onError (C:\\Users\\Yoanes\\Documents\\NodeJS\\node-kafka-messaging-demo\\node_modules\\kafkajs\\src\\network\\connection.js:210:23)\n    at Socket.emit (node:events:507:28)\n    at emitErrorNT (node:internal/streams/destroy:170:8)\n    at emitErrorCloseNT (node:internal/streams/destroy:129:3)\n    at processTicksAndRejections (node:internal/process/task_queues:90:21)","cause":{"name":"KafkaJSConnectionError","retriable":true,"broker":"localhost:9092","code":"ECONNREFUSED"}}
2025-07-15T17:14:42.825Z [ERROR]: >>>>> [Producer] WARN: Limiting retries for the idempotent producer may invalidate EoS guarantees Limiting retries for the idempotent producer may invalidate EoS guarantees {"logger":"kafkajs"}
2025-07-15T17:14:43.245Z [ERROR]: >>>>> [Producer] DEBUG: Transaction state transition UNINITIALIZED --> READY Transaction state transition UNINITIALIZED --> READY {"logger":"kafkajs"}
2025-07-15T17:14:43.247Z [ERROR]: >>>>> [Producer] DEBUG: Initialized producer id & epoch Initialized producer id & epoch {"logger":"kafkajs","producerId":"2000","producerEpoch":0}
2025-07-15T17:14:47.927Z [ERROR]: >>>>> [Producer] DEBUG: Transaction state transition UNINITIALIZED --> READY Transaction state transition UNINITIALIZED --> READY {"logger":"kafkajs"}
2025-07-15T17:14:47.928Z [ERROR]: >>>>> [Producer] DEBUG: Initialized producer id & epoch Initialized producer id & epoch {"logger":"kafkajs","producerId":"2","producerEpoch":10}
2025-07-15T17:14:47.928Z [ERROR]: >>>>> [Producer] DEBUG: Transaction state transition READY --> TRANSACTING Transaction state transition READY --> TRANSACTING {"logger":"kafkajs"}
2025-07-15T17:15:06.582Z [ERROR]: >>>>> [Producer] DEBUG: Transaction state transition TRANSACTING --> ABORTING Transaction state transition TRANSACTING --> ABORTING {"logger":"kafkajs"}
2025-07-15T17:15:06.583Z [ERROR]: >>>>> [Producer] DEBUG: No partitions or offsets registered, not sending EndTxn No partitions or offsets registered, not sending EndTxn {"logger":"kafkajs"}
2025-07-15T17:15:06.583Z [ERROR]: >>>>> [Producer] DEBUG: Transaction state transition ABORTING --> READY Transaction state transition ABORTING --> READY {"logger":"kafkajs"}
2025-07-15T17:15:23.979Z [ERROR]: >>>>> [Producer] WARN: Limiting retries for the idempotent producer may invalidate EoS guarantees Limiting retries for the idempotent producer may invalidate EoS guarantees {"logger":"kafkajs"}
2025-07-15T17:15:32.104Z [ERROR]: Error connecting Kafka Producer: Connection error:  {"name":"KafkaJSNumberOfRetriesExceeded","retriable":false,"retryCount":5,"retryTime":7424,"stack":"KafkaJSNonRetriableError\n  Caused by: KafkaJSConnectionError: Connection error: \n    at Socket.onError (C:\\Users\\Yoanes\\Documents\\NodeJS\\node-kafka-messaging-demo\\node_modules\\kafkajs\\src\\network\\connection.js:210:23)\n    at Socket.emit (node:events:507:28)\n    at emitErrorNT (node:internal/streams/destroy:170:8)\n    at emitErrorCloseNT (node:internal/streams/destroy:129:3)\n    at processTicksAndRejections (node:internal/process/task_queues:90:21)","cause":{"name":"KafkaJSConnectionError","retriable":true,"broker":"localhost:9092","code":"ECONNREFUSED"}}
2025-07-15T17:22:33.219Z [ERROR]: >>>>> [Producer] WARN: Limiting retries for the idempotent producer may invalidate EoS guarantees Limiting retries for the idempotent producer may invalidate EoS guarantees {"logger":"kafkajs"}
2025-07-15T17:22:33.292Z [ERROR]: Error connecting Kafka Producer: Request Metadata(key: 3, version: 6) timed out {"name":"KafkaJSRequestTimeoutError","retriable":true,"broker":"localhost:9092","correlationId":1,"createdAt":1752600153286,"sentAt":1752600153286,"pendingDuration":0,"stack":"KafkaJSRequestTimeoutError: Request Metadata(key: 3, version: 6) timed out\n    at SocketRequest.timeoutRequest (C:\\Users\\Yoanes\\Documents\\NodeJS\\node-kafka-messaging-demo\\node_modules\\kafkajs\\src\\network\\requestQueue\\socketRequest.js:107:19)\n    at C:\\Users\\Yoanes\\Documents\\NodeJS\\node-kafka-messaging-demo\\node_modules\\kafkajs\\src\\network\\requestQueue\\index.js:94:21\n    at Map.forEach (<anonymous>)\n    at Timeout._onTimeout (C:\\Users\\Yoanes\\Documents\\NodeJS\\node-kafka-messaging-demo\\node_modules\\kafkajs\\src\\network\\requestQueue\\index.js:92:23)\n    at listOnTimeout (node:internal/timers:608:17)\n    at processTimers (node:internal/timers:543:7)"}
2025-07-15T17:22:39.693Z [ERROR]: >>>>> [Producer] WARN: Limiting retries for the idempotent producer may invalidate EoS guarantees Limiting retries for the idempotent producer may invalidate EoS guarantees {"logger":"kafkajs"}
2025-07-15T17:22:39.753Z [ERROR]: Error connecting Kafka Producer: Request InitProducerId(key: 22, version: 1) timed out {"name":"KafkaJSRequestTimeoutError","retriable":true,"broker":"172.26.161.183:9092","correlationId":0,"createdAt":1752600159749,"sentAt":1752600159749,"pendingDuration":0,"stack":"KafkaJSRequestTimeoutError: Request InitProducerId(key: 22, version: 1) timed out\n    at SocketRequest.timeoutRequest (C:\\Users\\Yoanes\\Documents\\NodeJS\\node-kafka-messaging-demo\\node_modules\\kafkajs\\src\\network\\requestQueue\\socketRequest.js:107:19)\n    at C:\\Users\\Yoanes\\Documents\\NodeJS\\node-kafka-messaging-demo\\node_modules\\kafkajs\\src\\network\\requestQueue\\index.js:94:21\n    at Map.forEach (<anonymous>)\n    at Timeout._onTimeout (C:\\Users\\Yoanes\\Documents\\NodeJS\\node-kafka-messaging-demo\\node_modules\\kafkajs\\src\\network\\requestQueue\\index.js:92:23)\n    at listOnTimeout (node:internal/timers:608:17)\n    at processTimers (node:internal/timers:543:7)"}
2025-07-15T17:22:56.713Z [ERROR]: >>>>> [Producer] WARN: Limiting retries for the idempotent producer may invalidate EoS guarantees Limiting retries for the idempotent producer may invalidate EoS guarantees {"logger":"kafkajs"}
2025-07-15T17:22:56.782Z [ERROR]: >>>>> [Producer] DEBUG: Transaction state transition UNINITIALIZED --> READY Transaction state transition UNINITIALIZED --> READY {"logger":"kafkajs"}
2025-07-15T17:22:56.782Z [ERROR]: >>>>> [Producer] DEBUG: Initialized producer id & epoch Initialized producer id & epoch {"logger":"kafkajs","producerId":"3000","producerEpoch":0}
2025-07-15T17:23:06.853Z [ERROR]: >>>>> [Producer] WARN: Limiting retries for the idempotent producer may invalidate EoS guarantees Limiting retries for the idempotent producer may invalidate EoS guarantees {"logger":"kafkajs"}
2025-07-15T17:23:06.912Z [ERROR]: >>>>> [Producer] DEBUG: Transaction state transition UNINITIALIZED --> READY Transaction state transition UNINITIALIZED --> READY {"logger":"kafkajs"}
2025-07-15T17:23:06.913Z [ERROR]: >>>>> [Producer] DEBUG: Initialized producer id & epoch Initialized producer id & epoch {"logger":"kafkajs","producerId":"3001","producerEpoch":0}
2025-07-15T17:23:11.623Z [ERROR]: >>>>> [Producer] WARN: Limiting retries for the idempotent producer may invalidate EoS guarantees Limiting retries for the idempotent producer may invalidate EoS guarantees {"logger":"kafkajs"}
2025-07-15T17:23:11.679Z [ERROR]: >>>>> [Producer] DEBUG: Transaction state transition UNINITIALIZED --> READY Transaction state transition UNINITIALIZED --> READY {"logger":"kafkajs"}
2025-07-15T17:23:11.680Z [ERROR]: >>>>> [Producer] DEBUG: Initialized producer id & epoch Initialized producer id & epoch {"logger":"kafkajs","producerId":"3002","producerEpoch":0}
2025-07-15T17:24:37.013Z [ERROR]: >>>>> [Producer] DEBUG: Transaction state transition UNINITIALIZED --> READY Transaction state transition UNINITIALIZED --> READY {"logger":"kafkajs"}
2025-07-15T17:24:37.014Z [ERROR]: >>>>> [Producer] DEBUG: Initialized producer id & epoch Initialized producer id & epoch {"logger":"kafkajs","producerId":"2","producerEpoch":12}
2025-07-15T17:24:37.014Z [ERROR]: >>>>> [Producer] DEBUG: Transaction state transition READY --> TRANSACTING Transaction state transition READY --> TRANSACTING {"logger":"kafkajs"}
2025-07-15T17:24:37.053Z [ERROR]: >>>>> [Producer] ERROR: Request Produce(key: 0, version: 7) timed out Request Produce(key: 0, version: 7) timed out {"logger":"kafkajs","retryCount":0,"retryTime":84}
2025-07-15T17:24:37.151Z [ERROR]: >>>>> [Producer] DEBUG: Transaction state transition TRANSACTING --> COMMITTING Transaction state transition TRANSACTING --> COMMITTING {"logger":"kafkajs"}
2025-07-15T17:24:37.172Z [ERROR]: >>>>> [Producer] DEBUG: Transaction state transition COMMITTING --> READY Transaction state transition COMMITTING --> READY {"logger":"kafkajs"}
2025-07-15T17:24:40.245Z [ERROR]: >>>>> [Producer] DEBUG: Transaction state transition READY --> TRANSACTING Transaction state transition READY --> TRANSACTING {"logger":"kafkajs"}
2025-07-15T17:24:40.254Z [ERROR]: >>>>> [Producer] DEBUG: Transaction state transition TRANSACTING --> COMMITTING Transaction state transition TRANSACTING --> COMMITTING {"logger":"kafkajs"}
2025-07-15T17:24:40.256Z [ERROR]: >>>>> [Producer] DEBUG: Transaction state transition COMMITTING --> READY Transaction state transition COMMITTING --> READY {"logger":"kafkajs"}
2025-07-15T17:24:41.434Z [ERROR]: >>>>> [Producer] DEBUG: Transaction state transition READY --> TRANSACTING Transaction state transition READY --> TRANSACTING {"logger":"kafkajs"}
2025-07-15T17:24:41.441Z [ERROR]: >>>>> [Producer] DEBUG: Transaction state transition TRANSACTING --> COMMITTING Transaction state transition TRANSACTING --> COMMITTING {"logger":"kafkajs"}
2025-07-15T17:24:41.444Z [ERROR]: >>>>> [Producer] DEBUG: Transaction state transition COMMITTING --> READY Transaction state transition COMMITTING --> READY {"logger":"kafkajs"}
2025-07-15T17:24:55.186Z [ERROR]: >>>>> [Producer] WARN: Limiting retries for the idempotent producer may invalidate EoS guarantees Limiting retries for the idempotent producer may invalidate EoS guarantees {"logger":"kafkajs"}
2025-07-15T17:24:55.253Z [ERROR]: >>>>> [Producer] DEBUG: Transaction state transition UNINITIALIZED --> READY Transaction state transition UNINITIALIZED --> READY {"logger":"kafkajs"}
2025-07-15T17:24:55.253Z [ERROR]: >>>>> [Producer] DEBUG: Initialized producer id & epoch Initialized producer id & epoch {"logger":"kafkajs","producerId":"3003","producerEpoch":0}
2025-07-15T17:27:24.877Z [ERROR]: >>>>> [Producer] WARN: Limiting retries for the idempotent producer may invalidate EoS guarantees Limiting retries for the idempotent producer may invalidate EoS guarantees {"logger":"kafkajs"}
2025-07-15T17:27:24.952Z [ERROR]: >>>>> [Producer] DEBUG: Transaction state transition UNINITIALIZED --> READY Transaction state transition UNINITIALIZED --> READY {"logger":"kafkajs"}
2025-07-15T17:27:24.953Z [ERROR]: >>>>> [Producer] DEBUG: Initialized producer id & epoch Initialized producer id & epoch {"logger":"kafkajs","producerId":"3004","producerEpoch":0}
2025-07-15T17:27:38.156Z [ERROR]: >>>>> [Producer] WARN: Limiting retries for the idempotent producer may invalidate EoS guarantees Limiting retries for the idempotent producer may invalidate EoS guarantees {"logger":"kafkajs"}
2025-07-15T17:27:38.211Z [ERROR]: >>>>> [Producer] DEBUG: Transaction state transition UNINITIALIZED --> READY Transaction state transition UNINITIALIZED --> READY {"logger":"kafkajs"}
2025-07-15T17:27:38.212Z [ERROR]: >>>>> [Producer] DEBUG: Initialized producer id & epoch Initialized producer id & epoch {"logger":"kafkajs","producerId":"3005","producerEpoch":0}
2025-07-15T17:27:42.329Z [ERROR]: >>>>> [Producer] DEBUG: Transaction state transition UNINITIALIZED --> READY Transaction state transition UNINITIALIZED --> READY {"logger":"kafkajs"}
2025-07-15T17:27:42.329Z [ERROR]: >>>>> [Producer] DEBUG: Initialized producer id & epoch Initialized producer id & epoch {"logger":"kafkajs","producerId":"2","producerEpoch":13}
2025-07-15T17:27:42.329Z [ERROR]: >>>>> [Producer] DEBUG: Transaction state transition READY --> TRANSACTING Transaction state transition READY --> TRANSACTING {"logger":"kafkajs"}
2025-07-15T17:27:42.337Z [ERROR]: [Connection] ERROR: Response Metadata(key: 3, version: 6) Response Metadata(key: 3, version: 6) {"logger":"kafkajs","broker":"172.26.161.183:9092","clientId":"my-app","error":"This server does not host this topic-partition","correlationId":3,"size":82}
2025-07-15T17:27:42.455Z [ERROR]: [Connection] ERROR: Response Metadata(key: 3, version: 6) Response Metadata(key: 3, version: 6) {"logger":"kafkajs","broker":"172.26.161.183:9092","clientId":"my-app","error":"This server does not host this topic-partition","correlationId":4,"size":82}
2025-07-15T17:27:42.578Z [ERROR]: [Connection] ERROR: Response Metadata(key: 3, version: 6) Response Metadata(key: 3, version: 6) {"logger":"kafkajs","broker":"172.26.161.183:9092","clientId":"my-app","error":"This server does not host this topic-partition","correlationId":5,"size":82}
2025-07-15T17:27:42.695Z [ERROR]: [Connection] ERROR: Response Metadata(key: 3, version: 6) Response Metadata(key: 3, version: 6) {"logger":"kafkajs","broker":"172.26.161.183:9092","clientId":"my-app","error":"This server does not host this topic-partition","correlationId":6,"size":82}
2025-07-15T17:27:42.797Z [ERROR]: [Connection] ERROR: Response Metadata(key: 3, version: 6) Response Metadata(key: 3, version: 6) {"logger":"kafkajs","broker":"172.26.161.183:9092","clientId":"my-app","error":"This server does not host this topic-partition","correlationId":7,"size":82}
2025-07-15T17:27:42.875Z [ERROR]: [Connection] ERROR: Response Metadata(key: 3, version: 6) Response Metadata(key: 3, version: 6) {"logger":"kafkajs","broker":"172.26.161.183:9092","clientId":"my-app","error":"This server does not host this topic-partition","correlationId":8,"size":82}
2025-07-15T17:27:42.876Z [ERROR]: >>>>> [Producer] DEBUG: Transaction state transition TRANSACTING --> ABORTING Transaction state transition TRANSACTING --> ABORTING {"logger":"kafkajs"}
2025-07-15T17:27:42.877Z [ERROR]: >>>>> [Producer] DEBUG: No partitions or offsets registered, not sending EndTxn No partitions or offsets registered, not sending EndTxn {"logger":"kafkajs"}
2025-07-15T17:27:42.877Z [ERROR]: >>>>> [Producer] DEBUG: Transaction state transition ABORTING --> READY Transaction state transition ABORTING --> READY {"logger":"kafkajs"}
2025-07-15T17:31:54.490Z [ERROR]: >>>>> [Producer] WARN: Limiting retries for the idempotent producer may invalidate EoS guarantees Limiting retries for the idempotent producer may invalidate EoS guarantees {"logger":"kafkajs"}
2025-07-15T17:31:54.544Z [ERROR]: >>>>> [Producer] DEBUG: Transaction state transition UNINITIALIZED --> READY Transaction state transition UNINITIALIZED --> READY {"logger":"kafkajs"}
2025-07-15T17:31:54.544Z [ERROR]: >>>>> [Producer] DEBUG: Initialized producer id & epoch Initialized producer id & epoch {"logger":"kafkajs","producerId":"3006","producerEpoch":0}
2025-07-15T17:31:59.448Z [ERROR]: >>>>> [Producer] DEBUG: Transaction state transition UNINITIALIZED --> READY Transaction state transition UNINITIALIZED --> READY {"logger":"kafkajs"}
2025-07-15T17:31:59.448Z [ERROR]: >>>>> [Producer] DEBUG: Initialized producer id & epoch Initialized producer id & epoch {"logger":"kafkajs","producerId":"2","producerEpoch":14}
2025-07-15T17:31:59.448Z [ERROR]: >>>>> [Producer] DEBUG: Transaction state transition READY --> TRANSACTING Transaction state transition READY --> TRANSACTING {"logger":"kafkajs"}
2025-07-15T17:31:59.455Z [ERROR]: [Connection] ERROR: Response Metadata(key: 3, version: 6) Response Metadata(key: 3, version: 6) {"logger":"kafkajs","broker":"172.26.161.183:9092","clientId":"my-app","error":"This server does not host this topic-partition","correlationId":3,"size":82}
2025-07-15T17:31:59.563Z [ERROR]: [Connection] ERROR: Response Metadata(key: 3, version: 6) Response Metadata(key: 3, version: 6) {"logger":"kafkajs","broker":"172.26.161.183:9092","clientId":"my-app","error":"This server does not host this topic-partition","correlationId":4,"size":82}
2025-07-15T17:31:59.660Z [ERROR]: [Connection] ERROR: Response Metadata(key: 3, version: 6) Response Metadata(key: 3, version: 6) {"logger":"kafkajs","broker":"172.26.161.183:9092","clientId":"my-app","error":"This server does not host this topic-partition","correlationId":5,"size":82}
2025-07-15T17:31:59.751Z [ERROR]: [Connection] ERROR: Response Metadata(key: 3, version: 6) Response Metadata(key: 3, version: 6) {"logger":"kafkajs","broker":"172.26.161.183:9092","clientId":"my-app","error":"This server does not host this topic-partition","correlationId":6,"size":82}
2025-07-15T17:31:59.845Z [ERROR]: [Connection] ERROR: Response Metadata(key: 3, version: 6) Response Metadata(key: 3, version: 6) {"logger":"kafkajs","broker":"172.26.161.183:9092","clientId":"my-app","error":"This server does not host this topic-partition","correlationId":7,"size":82}
2025-07-15T17:31:59.923Z [ERROR]: [Connection] ERROR: Response Metadata(key: 3, version: 6) Response Metadata(key: 3, version: 6) {"logger":"kafkajs","broker":"172.26.161.183:9092","clientId":"my-app","error":"This server does not host this topic-partition","correlationId":8,"size":82}
2025-07-15T17:31:59.925Z [ERROR]: >>>>> [Producer] DEBUG: Transaction state transition TRANSACTING --> ABORTING Transaction state transition TRANSACTING --> ABORTING {"logger":"kafkajs"}
2025-07-15T17:31:59.926Z [ERROR]: >>>>> [Producer] DEBUG: No partitions or offsets registered, not sending EndTxn No partitions or offsets registered, not sending EndTxn {"logger":"kafkajs"}
2025-07-15T17:31:59.926Z [ERROR]: >>>>> [Producer] DEBUG: Transaction state transition ABORTING --> READY Transaction state transition ABORTING --> READY {"logger":"kafkajs"}
2025-07-15T17:34:21.042Z [ERROR]: >>>>> [Producer] WARN: Limiting retries for the idempotent producer may invalidate EoS guarantees Limiting retries for the idempotent producer may invalidate EoS guarantees {"logger":"kafkajs"}
2025-07-15T17:34:21.153Z [ERROR]: >>>>> [Producer] DEBUG: Transaction state transition UNINITIALIZED --> READY Transaction state transition UNINITIALIZED --> READY {"logger":"kafkajs"}
2025-07-15T17:34:21.154Z [ERROR]: >>>>> [Producer] DEBUG: Initialized producer id & epoch Initialized producer id & epoch {"logger":"kafkajs","producerId":"3007","producerEpoch":0}
2025-07-15T17:34:23.886Z [ERROR]: >>>>> [Producer] DEBUG: Transaction state transition UNINITIALIZED --> READY Transaction state transition UNINITIALIZED --> READY {"logger":"kafkajs"}
2025-07-15T17:34:23.886Z [ERROR]: >>>>> [Producer] DEBUG: Initialized producer id & epoch Initialized producer id & epoch {"logger":"kafkajs","producerId":"2","producerEpoch":15}
2025-07-15T17:34:23.887Z [ERROR]: >>>>> [Producer] DEBUG: Transaction state transition READY --> TRANSACTING Transaction state transition READY --> TRANSACTING {"logger":"kafkajs"}
2025-07-15T17:34:23.912Z [ERROR]: >>>>> [Producer] DEBUG: Transaction state transition TRANSACTING --> COMMITTING Transaction state transition TRANSACTING --> COMMITTING {"logger":"kafkajs"}
2025-07-15T17:34:23.917Z [ERROR]: >>>>> [Producer] DEBUG: Transaction state transition COMMITTING --> READY Transaction state transition COMMITTING --> READY {"logger":"kafkajs"}
2025-07-15T17:34:29.464Z [ERROR]: >>>>> [Producer] WARN: Limiting retries for the idempotent producer may invalidate EoS guarantees Limiting retries for the idempotent producer may invalidate EoS guarantees {"logger":"kafkajs"}
2025-07-15T17:34:29.552Z [ERROR]: >>>>> [Producer] DEBUG: Transaction state transition UNINITIALIZED --> READY Transaction state transition UNINITIALIZED --> READY {"logger":"kafkajs"}
2025-07-15T17:34:29.552Z [ERROR]: >>>>> [Producer] DEBUG: Initialized producer id & epoch Initialized producer id & epoch {"logger":"kafkajs","producerId":"3008","producerEpoch":0}
2025-07-15T17:36:24.925Z [ERROR]: >>>>> [Producer] WARN: Limiting retries for the idempotent producer may invalidate EoS guarantees Limiting retries for the idempotent producer may invalidate EoS guarantees {"logger":"kafkajs"}
2025-07-15T17:36:24.986Z [ERROR]: >>>>> [Producer] DEBUG: Transaction state transition UNINITIALIZED --> READY Transaction state transition UNINITIALIZED --> READY {"logger":"kafkajs"}
2025-07-15T17:36:24.987Z [ERROR]: >>>>> [Producer] DEBUG: Initialized producer id & epoch Initialized producer id & epoch {"logger":"kafkajs","producerId":"3009","producerEpoch":0}
2025-07-15T17:36:30.383Z [ERROR]: >>>>> [Producer] DEBUG: Transaction state transition UNINITIALIZED --> READY Transaction state transition UNINITIALIZED --> READY {"logger":"kafkajs"}
2025-07-15T17:36:30.384Z [ERROR]: >>>>> [Producer] DEBUG: Initialized producer id & epoch Initialized producer id & epoch {"logger":"kafkajs","producerId":"2","producerEpoch":16}
2025-07-15T17:36:30.384Z [ERROR]: >>>>> [Producer] DEBUG: Transaction state transition READY --> TRANSACTING Transaction state transition READY --> TRANSACTING {"logger":"kafkajs"}
2025-07-15T17:36:30.391Z [ERROR]: [Connection] ERROR: Response Metadata(key: 3, version: 6) Response Metadata(key: 3, version: 6) {"logger":"kafkajs","broker":"172.26.161.183:9092","clientId":"my-app","error":"This server does not host this topic-partition","correlationId":3,"size":82}
2025-07-15T17:36:30.494Z [ERROR]: [Connection] ERROR: Response Metadata(key: 3, version: 6) Response Metadata(key: 3, version: 6) {"logger":"kafkajs","broker":"172.26.161.183:9092","clientId":"my-app","error":"This server does not host this topic-partition","correlationId":4,"size":82}
2025-07-15T17:36:30.618Z [ERROR]: [Connection] ERROR: Response Metadata(key: 3, version: 6) Response Metadata(key: 3, version: 6) {"logger":"kafkajs","broker":"172.26.161.183:9092","clientId":"my-app","error":"This server does not host this topic-partition","correlationId":5,"size":82}
2025-07-15T17:36:30.742Z [ERROR]: [Connection] ERROR: Response Metadata(key: 3, version: 6) Response Metadata(key: 3, version: 6) {"logger":"kafkajs","broker":"172.26.161.183:9092","clientId":"my-app","error":"This server does not host this topic-partition","correlationId":6,"size":82}
2025-07-15T17:36:30.868Z [ERROR]: [Connection] ERROR: Response Metadata(key: 3, version: 6) Response Metadata(key: 3, version: 6) {"logger":"kafkajs","broker":"172.26.161.183:9092","clientId":"my-app","error":"This server does not host this topic-partition","correlationId":7,"size":82}
2025-07-15T17:36:30.976Z [ERROR]: [Connection] ERROR: Response Metadata(key: 3, version: 6) Response Metadata(key: 3, version: 6) {"logger":"kafkajs","broker":"172.26.161.183:9092","clientId":"my-app","error":"This server does not host this topic-partition","correlationId":8,"size":82}
2025-07-15T17:36:30.978Z [ERROR]: >>>>> [Producer] DEBUG: Transaction state transition TRANSACTING --> ABORTING Transaction state transition TRANSACTING --> ABORTING {"logger":"kafkajs"}
2025-07-15T17:36:30.979Z [ERROR]: >>>>> [Producer] DEBUG: No partitions or offsets registered, not sending EndTxn No partitions or offsets registered, not sending EndTxn {"logger":"kafkajs"}
2025-07-15T17:36:30.979Z [ERROR]: >>>>> [Producer] DEBUG: Transaction state transition ABORTING --> READY Transaction state transition ABORTING --> READY {"logger":"kafkajs"}
2025-07-15T17:37:28.064Z [ERROR]: >>>>> [Producer] WARN: Limiting retries for the idempotent producer may invalidate EoS guarantees Limiting retries for the idempotent producer may invalidate EoS guarantees {"logger":"kafkajs"}
2025-07-15T17:37:28.137Z [ERROR]: >>>>> [Producer] DEBUG: Transaction state transition UNINITIALIZED --> READY Transaction state transition UNINITIALIZED --> READY {"logger":"kafkajs"}
2025-07-15T17:37:28.137Z [ERROR]: >>>>> [Producer] DEBUG: Initialized producer id & epoch Initialized producer id & epoch {"logger":"kafkajs","producerId":"3010","producerEpoch":0}
2025-07-15T17:37:31.332Z [ERROR]: >>>>> [Producer] DEBUG: Transaction state transition UNINITIALIZED --> READY Transaction state transition UNINITIALIZED --> READY {"logger":"kafkajs"}
2025-07-15T17:37:31.332Z [ERROR]: >>>>> [Producer] DEBUG: Initialized producer id & epoch Initialized producer id & epoch {"logger":"kafkajs","producerId":"2","producerEpoch":17}
2025-07-15T17:37:31.333Z [ERROR]: >>>>> [Producer] DEBUG: Transaction state transition READY --> TRANSACTING Transaction state transition READY --> TRANSACTING {"logger":"kafkajs"}
2025-07-15T17:37:31.339Z [ERROR]: [Connection] ERROR: Response Metadata(key: 3, version: 6) Response Metadata(key: 3, version: 6) {"logger":"kafkajs","broker":"172.26.161.183:9092","clientId":"my-app","error":"This server does not host this topic-partition","correlationId":3,"size":82}
2025-07-15T17:37:31.472Z [ERROR]: [Connection] ERROR: Response Metadata(key: 3, version: 6) Response Metadata(key: 3, version: 6) {"logger":"kafkajs","broker":"172.26.161.183:9092","clientId":"my-app","error":"This server does not host this topic-partition","correlationId":4,"size":82}
2025-07-15T17:37:31.583Z [ERROR]: [Connection] ERROR: Response Metadata(key: 3, version: 6) Response Metadata(key: 3, version: 6) {"logger":"kafkajs","broker":"172.26.161.183:9092","clientId":"my-app","error":"This server does not host this topic-partition","correlationId":5,"size":82}
2025-07-15T17:37:31.707Z [ERROR]: [Connection] ERROR: Response Metadata(key: 3, version: 6) Response Metadata(key: 3, version: 6) {"logger":"kafkajs","broker":"172.26.161.183:9092","clientId":"my-app","error":"This server does not host this topic-partition","correlationId":6,"size":82}
2025-07-15T17:37:31.709Z [ERROR]: >>>>> [Producer] DEBUG: Transaction state transition TRANSACTING --> ABORTING Transaction state transition TRANSACTING --> ABORTING {"logger":"kafkajs"}
2025-07-15T17:37:31.709Z [ERROR]: >>>>> [Producer] DEBUG: No partitions or offsets registered, not sending EndTxn No partitions or offsets registered, not sending EndTxn {"logger":"kafkajs"}
2025-07-15T17:37:31.710Z [ERROR]: >>>>> [Producer] DEBUG: Transaction state transition ABORTING --> READY Transaction state transition ABORTING --> READY {"logger":"kafkajs"}
2025-07-15T17:40:51.364Z [ERROR]: >>>>> [Producer] WARN: Limiting retries for the idempotent producer may invalidate EoS guarantees Limiting retries for the idempotent producer may invalidate EoS guarantees {"logger":"kafkajs"}
2025-07-15T17:40:51.429Z [ERROR]: >>>>> [Producer] DEBUG: Transaction state transition UNINITIALIZED --> READY Transaction state transition UNINITIALIZED --> READY {"logger":"kafkajs"}
2025-07-15T17:40:51.430Z [ERROR]: >>>>> [Producer] DEBUG: Initialized producer id & epoch Initialized producer id & epoch {"logger":"kafkajs","producerId":"3011","producerEpoch":0}
2025-07-15T17:40:58.271Z [ERROR]: >>>>> [Producer] DEBUG: Transaction state transition UNINITIALIZED --> READY Transaction state transition UNINITIALIZED --> READY {"logger":"kafkajs"}
2025-07-15T17:40:58.272Z [ERROR]: >>>>> [Producer] DEBUG: Initialized producer id & epoch Initialized producer id & epoch {"logger":"kafkajs","producerId":"2","producerEpoch":18}
2025-07-15T17:40:58.274Z [ERROR]: >>>>> [Producer] DEBUG: Transaction state transition READY --> TRANSACTING Transaction state transition READY --> TRANSACTING {"logger":"kafkajs"}
2025-07-15T17:40:58.289Z [ERROR]: [Connection] ERROR: Response Metadata(key: 3, version: 6) Response Metadata(key: 3, version: 6) {"logger":"kafkajs","broker":"172.26.161.183:9092","clientId":"my-app","error":"This server does not host this topic-partition","correlationId":3,"size":82}
2025-07-15T17:40:58.410Z [ERROR]: [Connection] ERROR: Response Metadata(key: 3, version: 6) Response Metadata(key: 3, version: 6) {"logger":"kafkajs","broker":"172.26.161.183:9092","clientId":"my-app","error":"This server does not host this topic-partition","correlationId":4,"size":82}
2025-07-15T17:40:58.538Z [ERROR]: [Connection] ERROR: Response Metadata(key: 3, version: 6) Response Metadata(key: 3, version: 6) {"logger":"kafkajs","broker":"172.26.161.183:9092","clientId":"my-app","error":"This server does not host this topic-partition","correlationId":5,"size":82}
2025-07-15T17:40:58.648Z [ERROR]: [Connection] ERROR: Response Metadata(key: 3, version: 6) Response Metadata(key: 3, version: 6) {"logger":"kafkajs","broker":"172.26.161.183:9092","clientId":"my-app","error":"This server does not host this topic-partition","correlationId":6,"size":82}
2025-07-15T17:40:58.652Z [ERROR]: >>>>> [Producer] DEBUG: Transaction state transition TRANSACTING --> ABORTING Transaction state transition TRANSACTING --> ABORTING {"logger":"kafkajs"}
2025-07-15T17:40:58.652Z [ERROR]: >>>>> [Producer] DEBUG: No partitions or offsets registered, not sending EndTxn No partitions or offsets registered, not sending EndTxn {"logger":"kafkajs"}
2025-07-15T17:40:58.653Z [ERROR]: >>>>> [Producer] DEBUG: Transaction state transition ABORTING --> READY Transaction state transition ABORTING --> READY {"logger":"kafkajs"}
2025-07-15T17:49:24.545Z [ERROR]: [Connection] ERROR: Response Metadata(key: 3, version: 6) Response Metadata(key: 3, version: 6) {"logger":"kafkajs","broker":"172.26.161.183:9092","clientId":"my-app","error":"This server does not host this topic-partition","correlationId":3,"size":82}
2025-07-15T17:49:24.650Z [ERROR]: [Connection] ERROR: Response Metadata(key: 3, version: 6) Response Metadata(key: 3, version: 6) {"logger":"kafkajs","broker":"172.26.161.183:9092","clientId":"my-app","error":"This server does not host this topic-partition","correlationId":4,"size":82}
2025-07-15T17:49:24.758Z [ERROR]: [Connection] ERROR: Response Metadata(key: 3, version: 6) Response Metadata(key: 3, version: 6) {"logger":"kafkajs","broker":"172.26.161.183:9092","clientId":"my-app","error":"This server does not host this topic-partition","correlationId":5,"size":82}
2025-07-15T17:49:24.890Z [ERROR]: [Connection] ERROR: Response Metadata(key: 3, version: 6) Response Metadata(key: 3, version: 6) {"logger":"kafkajs","broker":"172.26.161.183:9092","clientId":"my-app","error":"This server does not host this topic-partition","correlationId":6,"size":82}
2025-07-15T17:49:35.826Z [ERROR]: [Connection] ERROR: Response Metadata(key: 3, version: 6) Response Metadata(key: 3, version: 6) {"logger":"kafkajs","broker":"172.26.161.183:9092","clientId":"my-app","error":"This server does not host this topic-partition","correlationId":3,"size":82}
2025-07-15T17:49:35.927Z [ERROR]: [Connection] ERROR: Response Metadata(key: 3, version: 6) Response Metadata(key: 3, version: 6) {"logger":"kafkajs","broker":"172.26.161.183:9092","clientId":"my-app","error":"This server does not host this topic-partition","correlationId":4,"size":82}
2025-07-15T17:49:36.024Z [ERROR]: [Connection] ERROR: Response Metadata(key: 3, version: 6) Response Metadata(key: 3, version: 6) {"logger":"kafkajs","broker":"172.26.161.183:9092","clientId":"my-app","error":"This server does not host this topic-partition","correlationId":5,"size":82}
2025-07-15T17:49:36.117Z [ERROR]: [Connection] ERROR: Response Metadata(key: 3, version: 6) Response Metadata(key: 3, version: 6) {"logger":"kafkajs","broker":"172.26.161.183:9092","clientId":"my-app","error":"This server does not host this topic-partition","correlationId":6,"size":82}
2025-07-15T17:49:57.446Z [ERROR]: [Connection] ERROR: Response Metadata(key: 3, version: 6) Response Metadata(key: 3, version: 6) {"logger":"kafkajs","broker":"172.26.161.183:9092","clientId":"my-app","error":"This server does not host this topic-partition","correlationId":3,"size":82}
2025-07-15T17:49:57.556Z [ERROR]: [Connection] ERROR: Response Metadata(key: 3, version: 6) Response Metadata(key: 3, version: 6) {"logger":"kafkajs","broker":"172.26.161.183:9092","clientId":"my-app","error":"This server does not host this topic-partition","correlationId":4,"size":82}
2025-07-15T17:49:57.680Z [ERROR]: [Connection] ERROR: Response Metadata(key: 3, version: 6) Response Metadata(key: 3, version: 6) {"logger":"kafkajs","broker":"172.26.161.183:9092","clientId":"my-app","error":"This server does not host this topic-partition","correlationId":5,"size":82}
2025-07-15T17:49:57.799Z [ERROR]: [Connection] ERROR: Response Metadata(key: 3, version: 6) Response Metadata(key: 3, version: 6) {"logger":"kafkajs","broker":"172.26.161.183:9092","clientId":"my-app","error":"This server does not host this topic-partition","correlationId":6,"size":82}
2025-07-15T17:50:10.047Z [ERROR]: [Connection] ERROR: Response Metadata(key: 3, version: 6) Response Metadata(key: 3, version: 6) {"logger":"kafkajs","broker":"172.26.161.183:9092","clientId":"my-app","error":"This server does not host this topic-partition","correlationId":7,"size":82}
2025-07-15T17:50:10.162Z [ERROR]: [Connection] ERROR: Response Metadata(key: 3, version: 6) Response Metadata(key: 3, version: 6) {"logger":"kafkajs","broker":"172.26.161.183:9092","clientId":"my-app","error":"This server does not host this topic-partition","correlationId":8,"size":82}
2025-07-15T17:50:10.275Z [ERROR]: [Connection] ERROR: Response Metadata(key: 3, version: 6) Response Metadata(key: 3, version: 6) {"logger":"kafkajs","broker":"172.26.161.183:9092","clientId":"my-app","error":"This server does not host this topic-partition","correlationId":9,"size":82}
2025-07-15T17:50:10.400Z [ERROR]: [Connection] ERROR: Response Metadata(key: 3, version: 6) Response Metadata(key: 3, version: 6) {"logger":"kafkajs","broker":"172.26.161.183:9092","clientId":"my-app","error":"This server does not host this topic-partition","correlationId":10,"size":82}
2025-07-15T17:52:52.090Z [ERROR]: [Connection] ERROR: Response Metadata(key: 3, version: 6) Response Metadata(key: 3, version: 6) {"logger":"kafkajs","broker":"172.26.161.183:9092","clientId":"my-app","error":"This server does not host this topic-partition","correlationId":3,"size":82}
2025-07-15T17:52:52.209Z [ERROR]: [Connection] ERROR: Response Metadata(key: 3, version: 6) Response Metadata(key: 3, version: 6) {"logger":"kafkajs","broker":"172.26.161.183:9092","clientId":"my-app","error":"This server does not host this topic-partition","correlationId":4,"size":82}
2025-07-15T17:52:52.333Z [ERROR]: [Connection] ERROR: Response Metadata(key: 3, version: 6) Response Metadata(key: 3, version: 6) {"logger":"kafkajs","broker":"172.26.161.183:9092","clientId":"my-app","error":"This server does not host this topic-partition","correlationId":5,"size":82}
2025-07-15T17:52:52.447Z [ERROR]: [Connection] ERROR: Response Metadata(key: 3, version: 6) Response Metadata(key: 3, version: 6) {"logger":"kafkajs","broker":"172.26.161.183:9092","clientId":"my-app","error":"This server does not host this topic-partition","correlationId":6,"size":82}
2025-07-15T17:58:02.263Z [ERROR]: [Connection] ERROR: Response Metadata(key: 3, version: 6) Response Metadata(key: 3, version: 6) {"logger":"kafkajs","broker":"172.26.161.183:9092","clientId":"my-app","error":"This server does not host this topic-partition","correlationId":3,"size":81}
2025-07-15T17:58:02.357Z [ERROR]: [Connection] ERROR: Response Metadata(key: 3, version: 6) Response Metadata(key: 3, version: 6) {"logger":"kafkajs","broker":"172.26.161.183:9092","clientId":"my-app","error":"This server does not host this topic-partition","correlationId":4,"size":81}
2025-07-15T17:58:02.455Z [ERROR]: [Connection] ERROR: Response Metadata(key: 3, version: 6) Response Metadata(key: 3, version: 6) {"logger":"kafkajs","broker":"172.26.161.183:9092","clientId":"my-app","error":"This server does not host this topic-partition","correlationId":5,"size":81}
2025-07-15T17:58:02.563Z [ERROR]: [Connection] ERROR: Response Metadata(key: 3, version: 6) Response Metadata(key: 3, version: 6) {"logger":"kafkajs","broker":"172.26.161.183:9092","clientId":"my-app","error":"This server does not host this topic-partition","correlationId":6,"size":81}
2025-07-15T17:58:02.687Z [ERROR]: [Connection] ERROR: Response Metadata(key: 3, version: 6) Response Metadata(key: 3, version: 6) {"logger":"kafkajs","broker":"172.26.161.183:9092","clientId":"my-app","error":"This server does not host this topic-partition","correlationId":7,"size":81}
2025-07-15T17:58:02.794Z [ERROR]: [Connection] ERROR: Response Metadata(key: 3, version: 6) Response Metadata(key: 3, version: 6) {"logger":"kafkajs","broker":"172.26.161.183:9092","clientId":"my-app","error":"This server does not host this topic-partition","correlationId":8,"size":81}
2025-07-15T18:01:09.402Z [ERROR]: [Connection] ERROR: Response Metadata(key: 3, version: 6) Response Metadata(key: 3, version: 6) {"logger":"kafkajs","broker":"172.26.161.183:9092","clientId":"my-app","error":"This server does not host this topic-partition","correlationId":3,"size":81}
2025-07-15T18:01:09.513Z [ERROR]: [Connection] ERROR: Response Metadata(key: 3, version: 6) Response Metadata(key: 3, version: 6) {"logger":"kafkajs","broker":"172.26.161.183:9092","clientId":"my-app","error":"This server does not host this topic-partition","correlationId":4,"size":81}
2025-07-15T18:01:09.618Z [ERROR]: [Connection] ERROR: Response Metadata(key: 3, version: 6) Response Metadata(key: 3, version: 6) {"logger":"kafkajs","broker":"172.26.161.183:9092","clientId":"my-app","error":"This server does not host this topic-partition","correlationId":5,"size":81}
2025-07-15T18:01:09.736Z [ERROR]: [Connection] ERROR: Response Metadata(key: 3, version: 6) Response Metadata(key: 3, version: 6) {"logger":"kafkajs","broker":"172.26.161.183:9092","clientId":"my-app","error":"This server does not host this topic-partition","correlationId":6,"size":81}
2025-07-15T18:01:09.869Z [ERROR]: [Connection] ERROR: Response Metadata(key: 3, version: 6) Response Metadata(key: 3, version: 6) {"logger":"kafkajs","broker":"172.26.161.183:9092","clientId":"my-app","error":"This server does not host this topic-partition","correlationId":7,"size":81}
2025-07-15T18:01:09.984Z [ERROR]: [Connection] ERROR: Response Metadata(key: 3, version: 6) Response Metadata(key: 3, version: 6) {"logger":"kafkajs","broker":"172.26.161.183:9092","clientId":"my-app","error":"This server does not host this topic-partition","correlationId":8,"size":81}
2025-07-15T18:03:14.850Z [ERROR]: [Connection] ERROR: Response Metadata(key: 3, version: 6) Response Metadata(key: 3, version: 6) {"logger":"kafkajs","broker":"172.26.161.183:9092","clientId":"my-app","error":"This server does not host this topic-partition","correlationId":3,"size":81}
2025-07-15T18:03:14.984Z [ERROR]: [Connection] ERROR: Response Metadata(key: 3, version: 6) Response Metadata(key: 3, version: 6) {"logger":"kafkajs","broker":"172.26.161.183:9092","clientId":"my-app","error":"This server does not host this topic-partition","correlationId":4,"size":81}
2025-07-15T18:03:15.131Z [ERROR]: [Connection] ERROR: Response Metadata(key: 3, version: 6) Response Metadata(key: 3, version: 6) {"logger":"kafkajs","broker":"172.26.161.183:9092","clientId":"my-app","error":"This server does not host this topic-partition","correlationId":5,"size":81}
2025-07-15T18:03:15.296Z [ERROR]: [Connection] ERROR: Response Metadata(key: 3, version: 6) Response Metadata(key: 3, version: 6) {"logger":"kafkajs","broker":"172.26.161.183:9092","clientId":"my-app","error":"This server does not host this topic-partition","correlationId":6,"size":81}
2025-07-15T18:03:15.489Z [ERROR]: [Connection] ERROR: Response Metadata(key: 3, version: 6) Response Metadata(key: 3, version: 6) {"logger":"kafkajs","broker":"172.26.161.183:9092","clientId":"my-app","error":"This server does not host this topic-partition","correlationId":7,"size":81}
2025-07-15T18:03:15.636Z [ERROR]: [Connection] ERROR: Response Metadata(key: 3, version: 6) Response Metadata(key: 3, version: 6) {"logger":"kafkajs","broker":"172.26.161.183:9092","clientId":"my-app","error":"This server does not host this topic-partition","correlationId":8,"size":81}
2025-07-15T18:04:47.268Z [ERROR]: [Connection] ERROR: Response Metadata(key: 3, version: 6) Response Metadata(key: 3, version: 6) {"logger":"kafkajs","broker":"172.26.161.183:9092","clientId":"my-app","error":"This server does not host this topic-partition","correlationId":3,"size":81}
2025-07-15T18:04:47.369Z [ERROR]: [Connection] ERROR: Response Metadata(key: 3, version: 6) Response Metadata(key: 3, version: 6) {"logger":"kafkajs","broker":"172.26.161.183:9092","clientId":"my-app","error":"This server does not host this topic-partition","correlationId":4,"size":81}
2025-07-15T18:04:47.460Z [ERROR]: [Connection] ERROR: Response Metadata(key: 3, version: 6) Response Metadata(key: 3, version: 6) {"logger":"kafkajs","broker":"172.26.161.183:9092","clientId":"my-app","error":"This server does not host this topic-partition","correlationId":5,"size":81}
2025-07-15T18:04:47.557Z [ERROR]: [Connection] ERROR: Response Metadata(key: 3, version: 6) Response Metadata(key: 3, version: 6) {"logger":"kafkajs","broker":"172.26.161.183:9092","clientId":"my-app","error":"This server does not host this topic-partition","correlationId":6,"size":81}
2025-07-15T18:04:47.654Z [ERROR]: [Connection] ERROR: Response Metadata(key: 3, version: 6) Response Metadata(key: 3, version: 6) {"logger":"kafkajs","broker":"172.26.161.183:9092","clientId":"my-app","error":"This server does not host this topic-partition","correlationId":7,"size":81}
2025-07-15T18:04:47.752Z [ERROR]: [Connection] ERROR: Response Metadata(key: 3, version: 6) Response Metadata(key: 3, version: 6) {"logger":"kafkajs","broker":"172.26.161.183:9092","clientId":"my-app","error":"This server does not host this topic-partition","correlationId":8,"size":81}
2025-07-15T18:05:49.808Z [ERROR]: [Connection] ERROR: Response Metadata(key: 3, version: 6) Response Metadata(key: 3, version: 6) {"logger":"kafkajs","broker":"172.26.161.183:9092","clientId":"my-app","error":"This server does not host this topic-partition","correlationId":3,"size":81}
2025-07-15T18:05:49.908Z [ERROR]: [Connection] ERROR: Response Metadata(key: 3, version: 6) Response Metadata(key: 3, version: 6) {"logger":"kafkajs","broker":"172.26.161.183:9092","clientId":"my-app","error":"This server does not host this topic-partition","correlationId":4,"size":81}
2025-07-15T18:05:49.998Z [ERROR]: [Connection] ERROR: Response Metadata(key: 3, version: 6) Response Metadata(key: 3, version: 6) {"logger":"kafkajs","broker":"172.26.161.183:9092","clientId":"my-app","error":"This server does not host this topic-partition","correlationId":5,"size":81}
2025-07-15T18:05:50.099Z [ERROR]: [Connection] ERROR: Response Metadata(key: 3, version: 6) Response Metadata(key: 3, version: 6) {"logger":"kafkajs","broker":"172.26.161.183:9092","clientId":"my-app","error":"This server does not host this topic-partition","correlationId":6,"size":81}
2025-07-15T18:05:50.215Z [ERROR]: [Connection] ERROR: Response Metadata(key: 3, version: 6) Response Metadata(key: 3, version: 6) {"logger":"kafkajs","broker":"172.26.161.183:9092","clientId":"my-app","error":"This server does not host this topic-partition","correlationId":7,"size":81}
2025-07-15T18:05:50.337Z [ERROR]: [Connection] ERROR: Response Metadata(key: 3, version: 6) Response Metadata(key: 3, version: 6) {"logger":"kafkajs","broker":"172.26.161.183:9092","clientId":"my-app","error":"This server does not host this topic-partition","correlationId":8,"size":81}
2025-07-15T18:07:02.591Z [ERROR]: [Connection] ERROR: Response Metadata(key: 3, version: 6) Response Metadata(key: 3, version: 6) {"logger":"kafkajs","broker":"172.26.161.183:9092","clientId":"my-app","error":"This server does not host this topic-partition","correlationId":3,"size":81}
2025-07-15T18:07:02.717Z [ERROR]: [Connection] ERROR: Response Metadata(key: 3, version: 6) Response Metadata(key: 3, version: 6) {"logger":"kafkajs","broker":"172.26.161.183:9092","clientId":"my-app","error":"This server does not host this topic-partition","correlationId":4,"size":81}
2025-07-15T18:07:02.840Z [ERROR]: [Connection] ERROR: Response Metadata(key: 3, version: 6) Response Metadata(key: 3, version: 6) {"logger":"kafkajs","broker":"172.26.161.183:9092","clientId":"my-app","error":"This server does not host this topic-partition","correlationId":5,"size":81}
2025-07-15T18:07:02.978Z [ERROR]: [Connection] ERROR: Response Metadata(key: 3, version: 6) Response Metadata(key: 3, version: 6) {"logger":"kafkajs","broker":"172.26.161.183:9092","clientId":"my-app","error":"This server does not host this topic-partition","correlationId":6,"size":81}
2025-07-15T18:07:03.111Z [ERROR]: [Connection] ERROR: Response Metadata(key: 3, version: 6) Response Metadata(key: 3, version: 6) {"logger":"kafkajs","broker":"172.26.161.183:9092","clientId":"my-app","error":"This server does not host this topic-partition","correlationId":7,"size":81}
2025-07-15T18:07:03.244Z [ERROR]: [Connection] ERROR: Response Metadata(key: 3, version: 6) Response Metadata(key: 3, version: 6) {"logger":"kafkajs","broker":"172.26.161.183:9092","clientId":"my-app","error":"This server does not host this topic-partition","correlationId":8,"size":81}
2025-07-15T18:10:07.559Z [ERROR]: [Connection] ERROR: Response Metadata(key: 3, version: 6) Response Metadata(key: 3, version: 6) {"logger":"kafkajs","broker":"172.26.161.183:9092","clientId":"my-app","error":"This server does not host this topic-partition","correlationId":3,"size":81}
2025-07-15T18:10:07.657Z [ERROR]: [Connection] ERROR: Response Metadata(key: 3, version: 6) Response Metadata(key: 3, version: 6) {"logger":"kafkajs","broker":"172.26.161.183:9092","clientId":"my-app","error":"This server does not host this topic-partition","correlationId":4,"size":81}
2025-07-15T18:10:07.757Z [ERROR]: [Connection] ERROR: Response Metadata(key: 3, version: 6) Response Metadata(key: 3, version: 6) {"logger":"kafkajs","broker":"172.26.161.183:9092","clientId":"my-app","error":"This server does not host this topic-partition","correlationId":5,"size":81}
2025-07-15T18:10:07.872Z [ERROR]: [Connection] ERROR: Response Metadata(key: 3, version: 6) Response Metadata(key: 3, version: 6) {"logger":"kafkajs","broker":"172.26.161.183:9092","clientId":"my-app","error":"This server does not host this topic-partition","correlationId":6,"size":81}
2025-07-15T18:10:07.996Z [ERROR]: [Connection] ERROR: Response Metadata(key: 3, version: 6) Response Metadata(key: 3, version: 6) {"logger":"kafkajs","broker":"172.26.161.183:9092","clientId":"my-app","error":"This server does not host this topic-partition","correlationId":7,"size":81}
2025-07-15T18:10:08.107Z [ERROR]: [Connection] ERROR: Response Metadata(key: 3, version: 6) Response Metadata(key: 3, version: 6) {"logger":"kafkajs","broker":"172.26.161.183:9092","clientId":"my-app","error":"This server does not host this topic-partition","correlationId":8,"size":81}
2025-07-15T18:10:42.982Z [ERROR]: [Connection] ERROR: Response Metadata(key: 3, version: 6) Response Metadata(key: 3, version: 6) {"logger":"kafkajs","broker":"172.26.161.183:9092","clientId":"my-app","error":"This server does not host this topic-partition","correlationId":3,"size":81}
2025-07-15T18:10:43.087Z [ERROR]: [Connection] ERROR: Response Metadata(key: 3, version: 6) Response Metadata(key: 3, version: 6) {"logger":"kafkajs","broker":"172.26.161.183:9092","clientId":"my-app","error":"This server does not host this topic-partition","correlationId":4,"size":81}
2025-07-15T18:10:43.186Z [ERROR]: [Connection] ERROR: Response Metadata(key: 3, version: 6) Response Metadata(key: 3, version: 6) {"logger":"kafkajs","broker":"172.26.161.183:9092","clientId":"my-app","error":"This server does not host this topic-partition","correlationId":5,"size":81}
2025-07-15T18:10:43.303Z [ERROR]: [Connection] ERROR: Response Metadata(key: 3, version: 6) Response Metadata(key: 3, version: 6) {"logger":"kafkajs","broker":"172.26.161.183:9092","clientId":"my-app","error":"This server does not host this topic-partition","correlationId":6,"size":81}
2025-07-15T18:10:43.404Z [ERROR]: [Connection] ERROR: Response Metadata(key: 3, version: 6) Response Metadata(key: 3, version: 6) {"logger":"kafkajs","broker":"172.26.161.183:9092","clientId":"my-app","error":"This server does not host this topic-partition","correlationId":7,"size":81}
2025-07-15T18:10:43.496Z [ERROR]: [Connection] ERROR: Response Metadata(key: 3, version: 6) Response Metadata(key: 3, version: 6) {"logger":"kafkajs","broker":"172.26.161.183:9092","clientId":"my-app","error":"This server does not host this topic-partition","correlationId":8,"size":81}
2025-07-15T18:11:19.438Z [ERROR]: [Connection] ERROR: Response Metadata(key: 3, version: 6) Response Metadata(key: 3, version: 6) {"logger":"kafkajs","broker":"172.26.161.183:9092","clientId":"my-app","error":"This server does not host this topic-partition","correlationId":3,"size":81}
2025-07-15T18:11:19.570Z [ERROR]: [Connection] ERROR: Response Metadata(key: 3, version: 6) Response Metadata(key: 3, version: 6) {"logger":"kafkajs","broker":"172.26.161.183:9092","clientId":"my-app","error":"This server does not host this topic-partition","correlationId":4,"size":81}
2025-07-15T18:11:19.705Z [ERROR]: [Connection] ERROR: Response Metadata(key: 3, version: 6) Response Metadata(key: 3, version: 6) {"logger":"kafkajs","broker":"172.26.161.183:9092","clientId":"my-app","error":"This server does not host this topic-partition","correlationId":5,"size":81}
2025-07-15T18:11:19.844Z [ERROR]: [Connection] ERROR: Response Metadata(key: 3, version: 6) Response Metadata(key: 3, version: 6) {"logger":"kafkajs","broker":"172.26.161.183:9092","clientId":"my-app","error":"This server does not host this topic-partition","correlationId":6,"size":81}
2025-07-15T18:11:19.968Z [ERROR]: [Connection] ERROR: Response Metadata(key: 3, version: 6) Response Metadata(key: 3, version: 6) {"logger":"kafkajs","broker":"172.26.161.183:9092","clientId":"my-app","error":"This server does not host this topic-partition","correlationId":7,"size":81}
2025-07-15T18:11:20.076Z [ERROR]: [Connection] ERROR: Response Metadata(key: 3, version: 6) Response Metadata(key: 3, version: 6) {"logger":"kafkajs","broker":"172.26.161.183:9092","clientId":"my-app","error":"This server does not host this topic-partition","correlationId":8,"size":81}
2025-07-15T18:12:26.528Z [ERROR]: [Connection] ERROR: Response Metadata(key: 3, version: 6) Response Metadata(key: 3, version: 6) {"logger":"kafkajs","broker":"172.26.161.183:9092","clientId":"my-app","error":"This server does not host this topic-partition","correlationId":3,"size":81}
2025-07-15T18:12:26.626Z [ERROR]: [Connection] ERROR: Response Metadata(key: 3, version: 6) Response Metadata(key: 3, version: 6) {"logger":"kafkajs","broker":"172.26.161.183:9092","clientId":"my-app","error":"This server does not host this topic-partition","correlationId":4,"size":81}
2025-07-15T18:12:26.739Z [ERROR]: [Connection] ERROR: Response Metadata(key: 3, version: 6) Response Metadata(key: 3, version: 6) {"logger":"kafkajs","broker":"172.26.161.183:9092","clientId":"my-app","error":"This server does not host this topic-partition","correlationId":5,"size":81}
2025-07-15T18:12:26.854Z [ERROR]: [Connection] ERROR: Response Metadata(key: 3, version: 6) Response Metadata(key: 3, version: 6) {"logger":"kafkajs","broker":"172.26.161.183:9092","clientId":"my-app","error":"This server does not host this topic-partition","correlationId":6,"size":81}
2025-07-15T18:12:26.994Z [ERROR]: [Connection] ERROR: Response Metadata(key: 3, version: 6) Response Metadata(key: 3, version: 6) {"logger":"kafkajs","broker":"172.26.161.183:9092","clientId":"my-app","error":"This server does not host this topic-partition","correlationId":7,"size":81}
2025-07-15T18:12:27.119Z [ERROR]: [Connection] ERROR: Response Metadata(key: 3, version: 6) Response Metadata(key: 3, version: 6) {"logger":"kafkajs","broker":"172.26.161.183:9092","clientId":"my-app","error":"This server does not host this topic-partition","correlationId":8,"size":81}
2025-07-15T18:14:11.552Z [ERROR]: [ERROR] ERROR: Response Metadata(key: 3, version: 6) Response Metadata(key: 3, version: 6) {"logger":"kafkajs","broker":"172.26.161.183:9092","clientId":"my-app","error":"This server does not host this topic-partition","correlationId":3,"size":81}
2025-07-15T18:14:11.680Z [ERROR]: [ERROR] ERROR: Response Metadata(key: 3, version: 6) Response Metadata(key: 3, version: 6) {"logger":"kafkajs","broker":"172.26.161.183:9092","clientId":"my-app","error":"This server does not host this topic-partition","correlationId":4,"size":81}
2025-07-15T18:14:11.796Z [ERROR]: [ERROR] ERROR: Response Metadata(key: 3, version: 6) Response Metadata(key: 3, version: 6) {"logger":"kafkajs","broker":"172.26.161.183:9092","clientId":"my-app","error":"This server does not host this topic-partition","correlationId":5,"size":81}
2025-07-15T18:14:11.893Z [ERROR]: [ERROR] ERROR: Response Metadata(key: 3, version: 6) Response Metadata(key: 3, version: 6) {"logger":"kafkajs","broker":"172.26.161.183:9092","clientId":"my-app","error":"This server does not host this topic-partition","correlationId":6,"size":81}
2025-07-15T18:14:11.981Z [ERROR]: [ERROR] ERROR: Response Metadata(key: 3, version: 6) Response Metadata(key: 3, version: 6) {"logger":"kafkajs","broker":"172.26.161.183:9092","clientId":"my-app","error":"This server does not host this topic-partition","correlationId":7,"size":81}
2025-07-15T18:14:12.077Z [ERROR]: [ERROR] ERROR: Response Metadata(key: 3, version: 6) Response Metadata(key: 3, version: 6) {"logger":"kafkajs","broker":"172.26.161.183:9092","clientId":"my-app","error":"This server does not host this topic-partition","correlationId":8,"size":81}
2025-07-15T18:29:33.869Z [ERROR]: [Connection] ERROR: Connection timeout Connection timeout {"logger":"kafkajs","broker":"kafka-server:9092","clientId":"my-app"}
2025-07-15T18:29:33.871Z [ERROR]: [BrokerPool] ERROR: Failed to connect to seed broker, trying another broker from the list: Connection timeout Failed to connect to seed broker, trying another broker from the list: Connection timeout {"logger":"kafkajs","retryCount":0,"retryTime":348}
2025-07-15T18:29:33.873Z [ERROR]: [Connection] ERROR: Connection timeout Connection timeout {"logger":"kafkajs","broker":"kafka-server:9092","clientId":"my-app"}
2025-07-15T18:29:33.874Z [ERROR]: [BrokerPool] ERROR: Failed to connect to seed broker, trying another broker from the list: Connection timeout Failed to connect to seed broker, trying another broker from the list: Connection timeout {"logger":"kafkajs","retryCount":0,"retryTime":281}
